<?xml version="1.0" encoding="UTF-8"?>
<!-- Generated by org.testng.reporters.JUnitXMLReporter -->
<testsuite ignored="0" hostname="DESKTOP-T10D62F" failures="0" tests="2" name="ChromeTest" time="2.245" errors="0" timestamp="2023-03-19T00:58:26 GMT-07:00">
  <testcase classname="Com.SauceDemo.TestClassess.TestBaseClass" name="@BeforeClass openBrowser" time="2.172">
    <failure type="org.openqa.selenium.SessionNotCreatedException" message="session not created: This version of ChromeDriver only supports Chrome version 100
Current browser version is 111.0.5563.65 with binary path C:\Program Files\Google\Chrome\Application\chrome.exe
Build info: version: &amp;apos;3.141.59&amp;apos;, revision: &amp;apos;e82be7d358&amp;apos;, time: &amp;apos;2018-11-14T08:17:03&amp;apos;
System info: host: &amp;apos;DESKTOP-T10D62F&amp;apos;, ip: &amp;apos;192.168.43.191&amp;apos;, os.name: &amp;apos;Windows 10&amp;apos;, os.arch: &amp;apos;amd64&amp;apos;, os.version: &amp;apos;10.0&amp;apos;, java.version: &amp;apos;17.0.6&amp;apos;
Driver info: driver.version: ChromeDriver
remote stacktrace: Backtrace:
	Ordinal0 [0x009F7413+2389011]
	Ordinal0 [0x00989F61+1941345]
	Ordinal0 [0x0087C658+837208]
	Ordinal0 [0x0089C773+968563]
	Ordinal0 [0x0089837A+951162]
	Ordinal0 [0x00895C51+941137]
	Ordinal0 [0x008C8C80+1150080]
	Ordinal0 [0x008C88DA+1149146]
	Ordinal0 [0x008C3F66+1130342]
	Ordinal0 [0x0089E546+976198]
	Ordinal0 [0x0089F456+980054]
	GetHandleVerifier [0x00BA9632+1727522]
	GetHandleVerifier [0x00C5BA4D+2457661]
	GetHandleVerifier [0x00A8EB81+569713]
	GetHandleVerifier [0x00A8DD76+566118]
	Ordinal0 [0x00990B2B+1968939]
	Ordinal0 [0x00995988+1989000]
	Ordinal0 [0x00995A75+1989237]
	Ordinal0 [0x0099ECB1+2026673]
	BaseThreadInitThunk [0x7728FA29+25]
	RtlGetAppContainerNamedObjectPath [0x776D7A9E+286]
	RtlGetAppContainerNamedObjectPath [0x776D7A6E+238]
">
      <![CDATA[org.openqa.selenium.SessionNotCreatedException: session not created: This version of ChromeDriver only supports Chrome version 100
Current browser version is 111.0.5563.65 with binary path C:\Program Files\Google\Chrome\Application\chrome.exe
Build info: version: '3.141.59', revision: 'e82be7d358', time: '2018-11-14T08:17:03'
System info: host: 'DESKTOP-T10D62F', ip: '192.168.43.191', os.name: 'Windows 10', os.arch: 'amd64', os.version: '10.0', java.version: '17.0.6'
Driver info: driver.version: ChromeDriver
remote stacktrace: Backtrace:
Ordinal0 [0x009F7413+2389011]
Ordinal0 [0x00989F61+1941345]
Ordinal0 [0x0087C658+837208]
Ordinal0 [0x0089C773+968563]
Ordinal0 [0x0089837A+951162]
Ordinal0 [0x00895C51+941137]
Ordinal0 [0x008C8C80+1150080]
Ordinal0 [0x008C88DA+1149146]
Ordinal0 [0x008C3F66+1130342]
Ordinal0 [0x0089E546+976198]
Ordinal0 [0x0089F456+980054]
GetHandleVerifier [0x00BA9632+1727522]
GetHandleVerifier [0x00C5BA4D+2457661]
GetHandleVerifier [0x00A8EB81+569713]
GetHandleVerifier [0x00A8DD76+566118]
Ordinal0 [0x00990B2B+1968939]
Ordinal0 [0x00995988+1989000]
Ordinal0 [0x00995A75+1989237]
Ordinal0 [0x0099ECB1+2026673]
BaseThreadInitThunk [0x7728FA29+25]
RtlGetAppContainerNamedObjectPath [0x776D7A9E+286]
RtlGetAppContainerNamedObjectPath [0x776D7A6E+238]

at org.openqa.selenium.remote.W3CHandshakeResponse.lambda$errorHandler$0(W3CHandshakeResponse.java:62)
at org.openqa.selenium.remote.HandshakeResponse.lambda$getResponseFunction$0(HandshakeResponse.java:30)
at org.openqa.selenium.remote.ProtocolHandshake.lambda$createSession$0(ProtocolHandshake.java:126)
at java.base/java.util.stream.ReferencePipeline$3$1.accept(ReferencePipeline.java:197)
at java.base/java.util.Spliterators$ArraySpliterator.tryAdvance(Spliterators.java:1002)
at java.base/java.util.stream.ReferencePipeline.forEachWithCancel(ReferencePipeline.java:129)
at java.base/java.util.stream.AbstractPipeline.copyIntoWithCancel(AbstractPipeline.java:527)
at java.base/java.util.stream.AbstractPipeline.copyInto(AbstractPipeline.java:513)
at java.base/java.util.stream.AbstractPipeline.wrapAndCopyInto(AbstractPipeline.java:499)
at java.base/java.util.stream.FindOps$FindOp.evaluateSequential(FindOps.java:150)
at java.base/java.util.stream.AbstractPipeline.evaluate(AbstractPipeline.java:234)
at java.base/java.util.stream.ReferencePipeline.findFirst(ReferencePipeline.java:647)
at org.openqa.selenium.remote.ProtocolHandshake.createSession(ProtocolHandshake.java:128)
at org.openqa.selenium.remote.ProtocolHandshake.createSession(ProtocolHandshake.java:74)
at org.openqa.selenium.remote.HttpCommandExecutor.execute(HttpCommandExecutor.java:136)
at org.openqa.selenium.remote.service.DriverCommandExecutor.execute(DriverCommandExecutor.java:83)
at org.openqa.selenium.remote.RemoteWebDriver.execute(RemoteWebDriver.java:552)
at org.openqa.selenium.remote.RemoteWebDriver.startSession(RemoteWebDriver.java:213)
at org.openqa.selenium.remote.RemoteWebDriver.<init>(RemoteWebDriver.java:131)
at org.openqa.selenium.chrome.ChromeDriver.<init>(ChromeDriver.java:181)
at org.openqa.selenium.chrome.ChromeDriver.<init>(ChromeDriver.java:168)
at org.openqa.selenium.chrome.ChromeDriver.<init>(ChromeDriver.java:123)
at Com.SauceDemo.TestClassess.TestBaseClass.openBrowser(TestBaseClass.java:40)
at java.base/java.util.concurrent.ThreadPoolExecutor.runWorker(ThreadPoolExecutor.java:1136)
at java.base/java.util.concurrent.ThreadPoolExecutor$Worker.run(ThreadPoolExecutor.java:635)
at java.base/java.lang.Thread.run(Thread.java:833)
... Removed 15 stack frames]]>
    </failure>
  </testcase> <!-- @BeforeClass openBrowser -->
  <testcase classname="Com.SauceDemo.TestClassess.TestBaseClass" name="@BeforeClass openBrowser" time="2.172">
    <failure type="org.openqa.selenium.SessionNotCreatedException" message="session not created: This version of ChromeDriver only supports Chrome version 100
Current browser version is 111.0.5563.65 with binary path C:\Program Files\Google\Chrome\Application\chrome.exe
Build info: version: &amp;apos;3.141.59&amp;apos;, revision: &amp;apos;e82be7d358&amp;apos;, time: &amp;apos;2018-11-14T08:17:03&amp;apos;
System info: host: &amp;apos;DESKTOP-T10D62F&amp;apos;, ip: &amp;apos;192.168.43.191&amp;apos;, os.name: &amp;apos;Windows 10&amp;apos;, os.arch: &amp;apos;amd64&amp;apos;, os.version: &amp;apos;10.0&amp;apos;, java.version: &amp;apos;17.0.6&amp;apos;
Driver info: driver.version: ChromeDriver
remote stacktrace: Backtrace:
	Ordinal0 [0x009F7413+2389011]
	Ordinal0 [0x00989F61+1941345]
	Ordinal0 [0x0087C658+837208]
	Ordinal0 [0x0089C773+968563]
	Ordinal0 [0x0089837A+951162]
	Ordinal0 [0x00895C51+941137]
	Ordinal0 [0x008C8C80+1150080]
	Ordinal0 [0x008C88DA+1149146]
	Ordinal0 [0x008C3F66+1130342]
	Ordinal0 [0x0089E546+976198]
	Ordinal0 [0x0089F456+980054]
	GetHandleVerifier [0x00BA9632+1727522]
	GetHandleVerifier [0x00C5BA4D+2457661]
	GetHandleVerifier [0x00A8EB81+569713]
	GetHandleVerifier [0x00A8DD76+566118]
	Ordinal0 [0x00990B2B+1968939]
	Ordinal0 [0x00995988+1989000]
	Ordinal0 [0x00995A75+1989237]
	Ordinal0 [0x0099ECB1+2026673]
	BaseThreadInitThunk [0x7728FA29+25]
	RtlGetAppContainerNamedObjectPath [0x776D7A9E+286]
	RtlGetAppContainerNamedObjectPath [0x776D7A6E+238]
">
      <![CDATA[org.openqa.selenium.SessionNotCreatedException: session not created: This version of ChromeDriver only supports Chrome version 100
Current browser version is 111.0.5563.65 with binary path C:\Program Files\Google\Chrome\Application\chrome.exe
Build info: version: '3.141.59', revision: 'e82be7d358', time: '2018-11-14T08:17:03'
System info: host: 'DESKTOP-T10D62F', ip: '192.168.43.191', os.name: 'Windows 10', os.arch: 'amd64', os.version: '10.0', java.version: '17.0.6'
Driver info: driver.version: ChromeDriver
remote stacktrace: Backtrace:
Ordinal0 [0x009F7413+2389011]
Ordinal0 [0x00989F61+1941345]
Ordinal0 [0x0087C658+837208]
Ordinal0 [0x0089C773+968563]
Ordinal0 [0x0089837A+951162]
Ordinal0 [0x00895C51+941137]
Ordinal0 [0x008C8C80+1150080]
Ordinal0 [0x008C88DA+1149146]
Ordinal0 [0x008C3F66+1130342]
Ordinal0 [0x0089E546+976198]
Ordinal0 [0x0089F456+980054]
GetHandleVerifier [0x00BA9632+1727522]
GetHandleVerifier [0x00C5BA4D+2457661]
GetHandleVerifier [0x00A8EB81+569713]
GetHandleVerifier [0x00A8DD76+566118]
Ordinal0 [0x00990B2B+1968939]
Ordinal0 [0x00995988+1989000]
Ordinal0 [0x00995A75+1989237]
Ordinal0 [0x0099ECB1+2026673]
BaseThreadInitThunk [0x7728FA29+25]
RtlGetAppContainerNamedObjectPath [0x776D7A9E+286]
RtlGetAppContainerNamedObjectPath [0x776D7A6E+238]

at org.openqa.selenium.remote.W3CHandshakeResponse.lambda$errorHandler$0(W3CHandshakeResponse.java:62)
at org.openqa.selenium.remote.HandshakeResponse.lambda$getResponseFunction$0(HandshakeResponse.java:30)
at org.openqa.selenium.remote.ProtocolHandshake.lambda$createSession$0(ProtocolHandshake.java:126)
at java.base/java.util.stream.ReferencePipeline$3$1.accept(ReferencePipeline.java:197)
at java.base/java.util.Spliterators$ArraySpliterator.tryAdvance(Spliterators.java:1002)
at java.base/java.util.stream.ReferencePipeline.forEachWithCancel(ReferencePipeline.java:129)
at java.base/java.util.stream.AbstractPipeline.copyIntoWithCancel(AbstractPipeline.java:527)
at java.base/java.util.stream.AbstractPipeline.copyInto(AbstractPipeline.java:513)
at java.base/java.util.stream.AbstractPipeline.wrapAndCopyInto(AbstractPipeline.java:499)
at java.base/java.util.stream.FindOps$FindOp.evaluateSequential(FindOps.java:150)
at java.base/java.util.stream.AbstractPipeline.evaluate(AbstractPipeline.java:234)
at java.base/java.util.stream.ReferencePipeline.findFirst(ReferencePipeline.java:647)
at org.openqa.selenium.remote.ProtocolHandshake.createSession(ProtocolHandshake.java:128)
at org.openqa.selenium.remote.ProtocolHandshake.createSession(ProtocolHandshake.java:74)
at org.openqa.selenium.remote.HttpCommandExecutor.execute(HttpCommandExecutor.java:136)
at org.openqa.selenium.remote.service.DriverCommandExecutor.execute(DriverCommandExecutor.java:83)
at org.openqa.selenium.remote.RemoteWebDriver.execute(RemoteWebDriver.java:552)
at org.openqa.selenium.remote.RemoteWebDriver.startSession(RemoteWebDriver.java:213)
at org.openqa.selenium.remote.RemoteWebDriver.<init>(RemoteWebDriver.java:131)
at org.openqa.selenium.chrome.ChromeDriver.<init>(ChromeDriver.java:181)
at org.openqa.selenium.chrome.ChromeDriver.<init>(ChromeDriver.java:168)
at org.openqa.selenium.chrome.ChromeDriver.<init>(ChromeDriver.java:123)
at Com.SauceDemo.TestClassess.TestBaseClass.openBrowser(TestBaseClass.java:40)
at java.base/java.util.concurrent.ThreadPoolExecutor.runWorker(ThreadPoolExecutor.java:1136)
at java.base/java.util.concurrent.ThreadPoolExecutor$Worker.run(ThreadPoolExecutor.java:635)
at java.base/java.lang.Thread.run(Thread.java:833)
... Removed 15 stack frames]]>
    </failure>
  </testcase> <!-- @BeforeClass openBrowser -->
  <testcase classname="Com.SauceDemo.TestClassess.TestBaseClass" name="@BeforeMethod setUp" time="-1.679212706256E9">
    <skipped/>
  </testcase> <!-- @BeforeMethod setUp -->
  <testcase classname="Com.SauceDemo.TestClassess.TestBaseClass" name="@AfterMethod tearDown" time="-1.679212706264E9">
    <skipped/>
  </testcase> <!-- @AfterMethod tearDown -->
  <testcase classname="Com.SauceDemo.TestClassess.TestBaseClass" name="@BeforeMethod setUp" time="-1.679212706256E9">
    <skipped/>
  </testcase> <!-- @BeforeMethod setUp -->
  <testcase classname="Com.SauceDemo.TestClassess.TestBaseClass" name="@AfterClass browserClosed" time="-1.679212706269E9">
    <skipped/>
  </testcase> <!-- @AfterClass browserClosed -->
  <testcase classname="Com.SauceDemo.TestClassess.TestBaseClass" name="@AfterMethod tearDown" time="-1.679212706276E9">
    <skipped/>
  </testcase> <!-- @AfterMethod tearDown -->
  <testcase classname="Com.SauceDemo.TestClassess.TestBaseClass" name="@AfterClass browserClosed" time="-1.67921270628E9">
    <skipped/>
  </testcase> <!-- @AfterClass browserClosed -->
  <testcase classname="Com.SauceDemo.TestClassess.TC01LoginFunctionality" name="loginFunctionality" time="0.0">
    <skipped/>
  </testcase> <!-- loginFunctionality -->
  <testcase classname="Com.SauceDemo.TestClassess.TC02verifySingleProductSelectOrNot" name="singleProduct" time="0.0">
    <skipped/>
  </testcase> <!-- singleProduct -->
</testsuite> <!-- ChromeTest -->
