<?xml version="1.0" encoding="UTF-8"?>
<!-- Generated by org.testng.reporters.JUnitXMLReporter -->
<testsuite ignored="0" hostname="DESKTOP-T10D62F" failures="0" tests="2" name="EdgeTest" time="3.697" errors="0" timestamp="2023-03-19T00:58:30 GMT-07:00">
  <testcase classname="Com.SauceDemo.TestClassess.TestBaseClass" name="@BeforeClass openBrowser" time="3.29">
    <failure type="org.openqa.selenium.SessionNotCreatedException" message="session not created: This version of MSEdgeDriver only supports MSEdge version 101
Current browser version is 111.0.1661.44 with binary path C:\Program Files (x86)\Microsoft\Edge\Application\msedge.exe
Build info: version: &amp;apos;3.141.59&amp;apos;, revision: &amp;apos;e82be7d358&amp;apos;, time: &amp;apos;2018-11-14T08:17:03&amp;apos;
System info: host: &amp;apos;DESKTOP-T10D62F&amp;apos;, ip: &amp;apos;192.168.43.191&amp;apos;, os.name: &amp;apos;Windows 10&amp;apos;, os.arch: &amp;apos;amd64&amp;apos;, os.version: &amp;apos;10.0&amp;apos;, java.version: &amp;apos;17.0.6&amp;apos;
Driver info: driver.version: EdgeDriver
remote stacktrace: Backtrace:
	Microsoft::Applications::Events::EventProperties::unpack [0x00007FF66D12CC42+24658]
	Microsoft::Applications::Events::time_ticks_t::time_ticks_t [0x00007FF66D06D332+539986]
	Ordinal0 [0x00007FF66CB70F05+659205]
	Ordinal0 [0x00007FF66CB9BD6F+834927]
	Ordinal0 [0x00007FF66CB97214+815636]
	Ordinal0 [0x00007FF66CB92F3B+798523]
	Ordinal0 [0x00007FF66CBCCD9D+1035677]
	Ordinal0 [0x00007FF66CBC74B3+1012915]
	Ordinal0 [0x00007FF66CB9E440+844864]
	Ordinal0 [0x00007FF66CB9F848+849992]
	Microsoft::Applications::Events::EventProperty::EventProperty [0x00007FF66CE317F8+120584]
	Microsoft::Applications::Events::EventProperty::EventProperty [0x00007FF66CE1CE3E+36174]
	Microsoft::Applications::Events::EventProperty::EventProperty [0x00007FF66CE2003C+48972]
	Microsoft::Applications::Events::EventProperty::to_string [0x00007FF66CC70716+30806]
	Microsoft::Applications::Events::time_ticks_t::time_ticks_t [0x00007FF66D074601+569377]
	Microsoft::Applications::Events::time_ticks_t::time_ticks_t [0x00007FF66D079034+588372]
	Microsoft::Applications::Events::time_ticks_t::time_ticks_t [0x00007FF66D07918D+588717]
	Microsoft::Applications::Events::time_ticks_t::time_ticks_t [0x00007FF66D08291E+627518]
	BaseThreadInitThunk [0x00007FFA49D67034+20]
	RtlUserThreadStart [0x00007FFA4B082651+33]
">
      <![CDATA[org.openqa.selenium.SessionNotCreatedException: session not created: This version of MSEdgeDriver only supports MSEdge version 101
Current browser version is 111.0.1661.44 with binary path C:\Program Files (x86)\Microsoft\Edge\Application\msedge.exe
Build info: version: '3.141.59', revision: 'e82be7d358', time: '2018-11-14T08:17:03'
System info: host: 'DESKTOP-T10D62F', ip: '192.168.43.191', os.name: 'Windows 10', os.arch: 'amd64', os.version: '10.0', java.version: '17.0.6'
Driver info: driver.version: EdgeDriver
remote stacktrace: Backtrace:
Microsoft::Applications::Events::EventProperties::unpack [0x00007FF66D12CC42+24658]
Microsoft::Applications::Events::time_ticks_t::time_ticks_t [0x00007FF66D06D332+539986]
Ordinal0 [0x00007FF66CB70F05+659205]
Ordinal0 [0x00007FF66CB9BD6F+834927]
Ordinal0 [0x00007FF66CB97214+815636]
Ordinal0 [0x00007FF66CB92F3B+798523]
Ordinal0 [0x00007FF66CBCCD9D+1035677]
Ordinal0 [0x00007FF66CBC74B3+1012915]
Ordinal0 [0x00007FF66CB9E440+844864]
Ordinal0 [0x00007FF66CB9F848+849992]
Microsoft::Applications::Events::EventProperty::EventProperty [0x00007FF66CE317F8+120584]
Microsoft::Applications::Events::EventProperty::EventProperty [0x00007FF66CE1CE3E+36174]
Microsoft::Applications::Events::EventProperty::EventProperty [0x00007FF66CE2003C+48972]
Microsoft::Applications::Events::EventProperty::to_string [0x00007FF66CC70716+30806]
Microsoft::Applications::Events::time_ticks_t::time_ticks_t [0x00007FF66D074601+569377]
Microsoft::Applications::Events::time_ticks_t::time_ticks_t [0x00007FF66D079034+588372]
Microsoft::Applications::Events::time_ticks_t::time_ticks_t [0x00007FF66D07918D+588717]
Microsoft::Applications::Events::time_ticks_t::time_ticks_t [0x00007FF66D08291E+627518]
BaseThreadInitThunk [0x00007FFA49D67034+20]
RtlUserThreadStart [0x00007FFA4B082651+33]

at org.openqa.selenium.remote.W3CHandshakeResponse.lambda$errorHandler$0(W3CHandshakeResponse.java:62)
at org.openqa.selenium.remote.HandshakeResponse.lambda$getResponseFunction$0(HandshakeResponse.java:30)
at org.openqa.selenium.remote.ProtocolHandshake.lambda$createSession$0(ProtocolHandshake.java:126)
at java.base/java.util.stream.ReferencePipeline$3$1.accept(ReferencePipeline.java:197)
at java.base/java.util.Spliterators$ArraySpliterator.tryAdvance(Spliterators.java:1002)
at java.base/java.util.stream.ReferencePipeline.forEachWithCancel(ReferencePipeline.java:129)
at java.base/java.util.stream.AbstractPipeline.copyIntoWithCancel(AbstractPipeline.java:527)
at java.base/java.util.stream.AbstractPipeline.copyInto(AbstractPipeline.java:513)
at java.base/java.util.stream.AbstractPipeline.wrapAndCopyInto(AbstractPipeline.java:499)
at java.base/java.util.stream.FindOps$FindOp.evaluateSequential(FindOps.java:150)
at java.base/java.util.stream.AbstractPipeline.evaluate(AbstractPipeline.java:234)
at java.base/java.util.stream.ReferencePipeline.findFirst(ReferencePipeline.java:647)
at org.openqa.selenium.remote.ProtocolHandshake.createSession(ProtocolHandshake.java:128)
at org.openqa.selenium.remote.ProtocolHandshake.createSession(ProtocolHandshake.java:74)
at org.openqa.selenium.remote.HttpCommandExecutor.execute(HttpCommandExecutor.java:136)
at org.openqa.selenium.remote.service.DriverCommandExecutor.execute(DriverCommandExecutor.java:83)
at org.openqa.selenium.remote.RemoteWebDriver.execute(RemoteWebDriver.java:552)
at org.openqa.selenium.remote.RemoteWebDriver.startSession(RemoteWebDriver.java:213)
at org.openqa.selenium.remote.RemoteWebDriver.<init>(RemoteWebDriver.java:131)
at org.openqa.selenium.edge.EdgeDriver.<init>(EdgeDriver.java:141)
at org.openqa.selenium.edge.EdgeDriver.<init>(EdgeDriver.java:96)
at Com.SauceDemo.TestClassess.TestBaseClass.openBrowser(TestBaseClass.java:51)
at java.base/java.util.concurrent.ThreadPoolExecutor.runWorker(ThreadPoolExecutor.java:1136)
at java.base/java.util.concurrent.ThreadPoolExecutor$Worker.run(ThreadPoolExecutor.java:635)
at java.base/java.lang.Thread.run(Thread.java:833)
... Removed 15 stack frames]]>
    </failure>
  </testcase> <!-- @BeforeClass openBrowser -->
  <testcase classname="Com.SauceDemo.TestClassess.TestBaseClass" name="@BeforeMethod setUp" time="-1.679212709655E9">
    <skipped/>
  </testcase> <!-- @BeforeMethod setUp -->
  <testcase classname="Com.SauceDemo.TestClassess.TestBaseClass" name="@AfterMethod tearDown" time="-1.679212709663E9">
    <skipped/>
  </testcase> <!-- @AfterMethod tearDown -->
  <testcase classname="Com.SauceDemo.TestClassess.TestBaseClass" name="@AfterClass browserClosed" time="-1.679212709665E9">
    <skipped/>
  </testcase> <!-- @AfterClass browserClosed -->
  <testcase classname="Com.SauceDemo.TestClassess.TestBaseClass" name="@BeforeClass openBrowser" time="3.678">
    <failure type="org.openqa.selenium.SessionNotCreatedException" message="session not created: This version of MSEdgeDriver only supports MSEdge version 101
Current browser version is 111.0.1661.44 with binary path C:\Program Files (x86)\Microsoft\Edge\Application\msedge.exe
Build info: version: &amp;apos;3.141.59&amp;apos;, revision: &amp;apos;e82be7d358&amp;apos;, time: &amp;apos;2018-11-14T08:17:03&amp;apos;
System info: host: &amp;apos;DESKTOP-T10D62F&amp;apos;, ip: &amp;apos;192.168.43.191&amp;apos;, os.name: &amp;apos;Windows 10&amp;apos;, os.arch: &amp;apos;amd64&amp;apos;, os.version: &amp;apos;10.0&amp;apos;, java.version: &amp;apos;17.0.6&amp;apos;
Driver info: driver.version: EdgeDriver
remote stacktrace: Backtrace:
	Microsoft::Applications::Events::EventProperties::unpack [0x00007FF66D12CC42+24658]
	Microsoft::Applications::Events::time_ticks_t::time_ticks_t [0x00007FF66D06D332+539986]
	Ordinal0 [0x00007FF66CB70F05+659205]
	Ordinal0 [0x00007FF66CB9BD6F+834927]
	Ordinal0 [0x00007FF66CB97214+815636]
	Ordinal0 [0x00007FF66CB92F3B+798523]
	Ordinal0 [0x00007FF66CBCCD9D+1035677]
	Ordinal0 [0x00007FF66CBC74B3+1012915]
	Ordinal0 [0x00007FF66CB9E440+844864]
	Ordinal0 [0x00007FF66CB9F848+849992]
	Microsoft::Applications::Events::EventProperty::EventProperty [0x00007FF66CE317F8+120584]
	Microsoft::Applications::Events::EventProperty::EventProperty [0x00007FF66CE1CE3E+36174]
	Microsoft::Applications::Events::EventProperty::EventProperty [0x00007FF66CE2003C+48972]
	Microsoft::Applications::Events::EventProperty::to_string [0x00007FF66CC70716+30806]
	Microsoft::Applications::Events::time_ticks_t::time_ticks_t [0x00007FF66D074601+569377]
	Microsoft::Applications::Events::time_ticks_t::time_ticks_t [0x00007FF66D079034+588372]
	Microsoft::Applications::Events::time_ticks_t::time_ticks_t [0x00007FF66D07918D+588717]
	Microsoft::Applications::Events::time_ticks_t::time_ticks_t [0x00007FF66D08291E+627518]
	BaseThreadInitThunk [0x00007FFA49D67034+20]
	RtlUserThreadStart [0x00007FFA4B082651+33]
">
      <![CDATA[org.openqa.selenium.SessionNotCreatedException: session not created: This version of MSEdgeDriver only supports MSEdge version 101
Current browser version is 111.0.1661.44 with binary path C:\Program Files (x86)\Microsoft\Edge\Application\msedge.exe
Build info: version: '3.141.59', revision: 'e82be7d358', time: '2018-11-14T08:17:03'
System info: host: 'DESKTOP-T10D62F', ip: '192.168.43.191', os.name: 'Windows 10', os.arch: 'amd64', os.version: '10.0', java.version: '17.0.6'
Driver info: driver.version: EdgeDriver
remote stacktrace: Backtrace:
Microsoft::Applications::Events::EventProperties::unpack [0x00007FF66D12CC42+24658]
Microsoft::Applications::Events::time_ticks_t::time_ticks_t [0x00007FF66D06D332+539986]
Ordinal0 [0x00007FF66CB70F05+659205]
Ordinal0 [0x00007FF66CB9BD6F+834927]
Ordinal0 [0x00007FF66CB97214+815636]
Ordinal0 [0x00007FF66CB92F3B+798523]
Ordinal0 [0x00007FF66CBCCD9D+1035677]
Ordinal0 [0x00007FF66CBC74B3+1012915]
Ordinal0 [0x00007FF66CB9E440+844864]
Ordinal0 [0x00007FF66CB9F848+849992]
Microsoft::Applications::Events::EventProperty::EventProperty [0x00007FF66CE317F8+120584]
Microsoft::Applications::Events::EventProperty::EventProperty [0x00007FF66CE1CE3E+36174]
Microsoft::Applications::Events::EventProperty::EventProperty [0x00007FF66CE2003C+48972]
Microsoft::Applications::Events::EventProperty::to_string [0x00007FF66CC70716+30806]
Microsoft::Applications::Events::time_ticks_t::time_ticks_t [0x00007FF66D074601+569377]
Microsoft::Applications::Events::time_ticks_t::time_ticks_t [0x00007FF66D079034+588372]
Microsoft::Applications::Events::time_ticks_t::time_ticks_t [0x00007FF66D07918D+588717]
Microsoft::Applications::Events::time_ticks_t::time_ticks_t [0x00007FF66D08291E+627518]
BaseThreadInitThunk [0x00007FFA49D67034+20]
RtlUserThreadStart [0x00007FFA4B082651+33]

at org.openqa.selenium.remote.W3CHandshakeResponse.lambda$errorHandler$0(W3CHandshakeResponse.java:62)
at org.openqa.selenium.remote.HandshakeResponse.lambda$getResponseFunction$0(HandshakeResponse.java:30)
at org.openqa.selenium.remote.ProtocolHandshake.lambda$createSession$0(ProtocolHandshake.java:126)
at java.base/java.util.stream.ReferencePipeline$3$1.accept(ReferencePipeline.java:197)
at java.base/java.util.Spliterators$ArraySpliterator.tryAdvance(Spliterators.java:1002)
at java.base/java.util.stream.ReferencePipeline.forEachWithCancel(ReferencePipeline.java:129)
at java.base/java.util.stream.AbstractPipeline.copyIntoWithCancel(AbstractPipeline.java:527)
at java.base/java.util.stream.AbstractPipeline.copyInto(AbstractPipeline.java:513)
at java.base/java.util.stream.AbstractPipeline.wrapAndCopyInto(AbstractPipeline.java:499)
at java.base/java.util.stream.FindOps$FindOp.evaluateSequential(FindOps.java:150)
at java.base/java.util.stream.AbstractPipeline.evaluate(AbstractPipeline.java:234)
at java.base/java.util.stream.ReferencePipeline.findFirst(ReferencePipeline.java:647)
at org.openqa.selenium.remote.ProtocolHandshake.createSession(ProtocolHandshake.java:128)
at org.openqa.selenium.remote.ProtocolHandshake.createSession(ProtocolHandshake.java:74)
at org.openqa.selenium.remote.HttpCommandExecutor.execute(HttpCommandExecutor.java:136)
at org.openqa.selenium.remote.service.DriverCommandExecutor.execute(DriverCommandExecutor.java:83)
at org.openqa.selenium.remote.RemoteWebDriver.execute(RemoteWebDriver.java:552)
at org.openqa.selenium.remote.RemoteWebDriver.startSession(RemoteWebDriver.java:213)
at org.openqa.selenium.remote.RemoteWebDriver.<init>(RemoteWebDriver.java:131)
at org.openqa.selenium.edge.EdgeDriver.<init>(EdgeDriver.java:141)
at org.openqa.selenium.edge.EdgeDriver.<init>(EdgeDriver.java:96)
at Com.SauceDemo.TestClassess.TestBaseClass.openBrowser(TestBaseClass.java:51)
at java.base/java.util.concurrent.ThreadPoolExecutor.runWorker(ThreadPoolExecutor.java:1136)
at java.base/java.util.concurrent.ThreadPoolExecutor$Worker.run(ThreadPoolExecutor.java:635)
at java.base/java.lang.Thread.run(Thread.java:833)
... Removed 15 stack frames]]>
    </failure>
  </testcase> <!-- @BeforeClass openBrowser -->
  <testcase classname="Com.SauceDemo.TestClassess.TestBaseClass" name="@BeforeMethod setUp" time="-1.679212710041E9">
    <skipped/>
  </testcase> <!-- @BeforeMethod setUp -->
  <testcase classname="Com.SauceDemo.TestClassess.TestBaseClass" name="@AfterMethod tearDown" time="-1.679212710049E9">
    <skipped/>
  </testcase> <!-- @AfterMethod tearDown -->
  <testcase classname="Com.SauceDemo.TestClassess.TestBaseClass" name="@AfterClass browserClosed" time="-1.67921271005E9">
    <skipped/>
  </testcase> <!-- @AfterClass browserClosed -->
  <testcase classname="Com.SauceDemo.TestClassess.TC02verifySingleProductSelectOrNot" name="singleProduct" time="0.0">
    <skipped/>
  </testcase> <!-- singleProduct -->
  <testcase classname="Com.SauceDemo.TestClassess.TC01LoginFunctionality" name="loginFunctionality" time="0.0">
    <skipped/>
  </testcase> <!-- loginFunctionality -->
</testsuite> <!-- EdgeTest -->
