<?xml version="1.0" encoding="UTF-8"?>
<testng-results ignored="0" total="1" passed="0" failed="0" skipped="1">
  <reporter-output>
  </reporter-output>
  <suite started-at="2023-03-19T01:04:42 GMT-07:00" name="Default suite" finished-at="2023-03-19T01:04:42 GMT-07:00" duration-ms="82">
    <groups>
    </groups>
    <test started-at="2023-03-19T01:04:42 GMT-07:00" name="Default test" finished-at="2023-03-19T01:04:42 GMT-07:00" duration-ms="82">
      <class name="Com.SauceDemo.TestClassess.TC09verifyAboutButton">
        <test-method is-config="true" signature="openBrowser(java.lang.String)[pri:0, instance:Com.SauceDemo.TestClassess.TC09verifyAboutButton@10feca44]" started-at="2023-03-19T01:04:42 GMT-07:00" name="openBrowser" finished-at="1969-12-31T16:00:00 GMT-08:00" duration-ms="-1679213082834" status="FAIL">
          <exception class="org.testng.TestNGException">
            <message>
              <![CDATA[
Parameter 'browserName' is required by BeforeClass on method openBrowser but has not been marked @Optional or defined
in C:\Users\Ram\AppData\Local\Temp\testng-eclipse-293084558\testng-customsuite.xml]]>
            </message>
            <full-stacktrace>
              <![CDATA[org.testng.TestNGException: 
Parameter 'browserName' is required by BeforeClass on method openBrowser but has not been marked @Optional or defined
in C:\Users\Ram\AppData\Local\Temp\testng-eclipse-293084558\testng-customsuite.xml
at org.testng.internal.Parameters.createParams(Parameters.java:270)
at org.testng.internal.Parameters.createParametersForMethod(Parameters.java:358)
at org.testng.internal.Parameters.createParameters(Parameters.java:700)
at org.testng.internal.Parameters.createConfigurationParameters(Parameters.java:168)
at org.testng.internal.ConfigInvoker.invokeConfigurations(ConfigInvoker.java:302)
at org.testng.internal.TestMethodWorker.invokeBeforeClassMethods(TestMethodWorker.java:176)
at org.testng.internal.TestMethodWorker.run(TestMethodWorker.java:122)
at java.base/java.util.ArrayList.forEach(ArrayList.java:1511)
at org.testng.TestRunner.privateRun(TestRunner.java:794)
at org.testng.TestRunner.run(TestRunner.java:596)
at org.testng.SuiteRunner.runTest(SuiteRunner.java:377)
at org.testng.SuiteRunner.runSequentially(SuiteRunner.java:371)
at org.testng.SuiteRunner.privateRun(SuiteRunner.java:332)
at org.testng.SuiteRunner.run(SuiteRunner.java:276)
at org.testng.SuiteRunnerWorker.runSuite(SuiteRunnerWorker.java:53)
at org.testng.SuiteRunnerWorker.run(SuiteRunnerWorker.java:96)
at org.testng.TestNG.runSuitesSequentially(TestNG.java:1212)
at org.testng.TestNG.runSuitesLocally(TestNG.java:1134)
at org.testng.TestNG.runSuites(TestNG.java:1063)
at org.testng.TestNG.run(TestNG.java:1031)
at org.testng.remote.AbstractRemoteTestNG.run(AbstractRemoteTestNG.java:115)
at org.testng.remote.RemoteTestNG.initAndRun(RemoteTestNG.java:251)
at org.testng.remote.RemoteTestNG.main(RemoteTestNG.java:77)
]]>
            </full-stacktrace>
          </exception> <!-- org.testng.TestNGException -->
          <reporter-output>
          </reporter-output>
        </test-method> <!-- openBrowser -->
        <test-method is-config="true" signature="setUp()[pri:0, instance:Com.SauceDemo.TestClassess.TC09verifyAboutButton@10feca44]" started-at="2023-03-19T01:04:42 GMT-07:00" name="setUp" finished-at="1969-12-31T16:00:00 GMT-08:00" duration-ms="-1679213082862" status="SKIP">
          <reporter-output>
          </reporter-output>
        </test-method> <!-- setUp -->
        <test-method signature="aboutButton()[pri:0, instance:Com.SauceDemo.TestClassess.TC09verifyAboutButton@10feca44]" started-at="2023-03-19T01:04:42 GMT-07:00" name="aboutButton" finished-at="2023-03-19T01:04:42 GMT-07:00" duration-ms="0" status="SKIP">
          <exception class="org.testng.TestNGException">
            <message>
              <![CDATA[
Parameter 'browserName' is required by BeforeClass on method openBrowser but has not been marked @Optional or defined
in C:\Users\Ram\AppData\Local\Temp\testng-eclipse-293084558\testng-customsuite.xml]]>
            </message>
            <full-stacktrace>
              <![CDATA[org.testng.TestNGException: 
Parameter 'browserName' is required by BeforeClass on method openBrowser but has not been marked @Optional or defined
in C:\Users\Ram\AppData\Local\Temp\testng-eclipse-293084558\testng-customsuite.xml
at org.testng.internal.Parameters.createParams(Parameters.java:270)
at org.testng.internal.Parameters.createParametersForMethod(Parameters.java:358)
at org.testng.internal.Parameters.createParameters(Parameters.java:700)
at org.testng.internal.Parameters.createConfigurationParameters(Parameters.java:168)
at org.testng.internal.ConfigInvoker.invokeConfigurations(ConfigInvoker.java:302)
at org.testng.internal.TestMethodWorker.invokeBeforeClassMethods(TestMethodWorker.java:176)
at org.testng.internal.TestMethodWorker.run(TestMethodWorker.java:122)
at java.base/java.util.ArrayList.forEach(ArrayList.java:1511)
at org.testng.TestRunner.privateRun(TestRunner.java:794)
at org.testng.TestRunner.run(TestRunner.java:596)
at org.testng.SuiteRunner.runTest(SuiteRunner.java:377)
at org.testng.SuiteRunner.runSequentially(SuiteRunner.java:371)
at org.testng.SuiteRunner.privateRun(SuiteRunner.java:332)
at org.testng.SuiteRunner.run(SuiteRunner.java:276)
at org.testng.SuiteRunnerWorker.runSuite(SuiteRunnerWorker.java:53)
at org.testng.SuiteRunnerWorker.run(SuiteRunnerWorker.java:96)
at org.testng.TestNG.runSuitesSequentially(TestNG.java:1212)
at org.testng.TestNG.runSuitesLocally(TestNG.java:1134)
at org.testng.TestNG.runSuites(TestNG.java:1063)
at org.testng.TestNG.run(TestNG.java:1031)
at org.testng.remote.AbstractRemoteTestNG.run(AbstractRemoteTestNG.java:115)
at org.testng.remote.RemoteTestNG.initAndRun(RemoteTestNG.java:251)
at org.testng.remote.RemoteTestNG.main(RemoteTestNG.java:77)
]]>
            </full-stacktrace>
          </exception> <!-- org.testng.TestNGException -->
          <reporter-output>
          </reporter-output>
        </test-method> <!-- aboutButton -->
        <test-method is-config="true" signature="tearDown()[pri:0, instance:Com.SauceDemo.TestClassess.TC09verifyAboutButton@10feca44]" started-at="2023-03-19T01:04:42 GMT-07:00" name="tearDown" finished-at="1969-12-31T16:00:00 GMT-08:00" duration-ms="-1679213082875" status="SKIP">
          <reporter-output>
          </reporter-output>
        </test-method> <!-- tearDown -->
        <test-method is-config="true" signature="browserClosed()[pri:0, instance:Com.SauceDemo.TestClassess.TC09verifyAboutButton@10feca44]" started-at="2023-03-19T01:04:42 GMT-07:00" name="browserClosed" finished-at="1969-12-31T16:00:00 GMT-08:00" duration-ms="-1679213082878" status="SKIP">
          <reporter-output>
          </reporter-output>
        </test-method> <!-- browserClosed -->
      </class> <!-- Com.SauceDemo.TestClassess.TC09verifyAboutButton -->
    </test> <!-- Default test -->
  </suite> <!-- Default suite -->
</testng-results>
