<?xml version="1.0" encoding="UTF-8"?>
<!-- Generated by org.testng.reporters.JUnitReportReporter -->
<testsuite hostname="DESKTOP-T10D62F" failures="0" tests="6" name="Com.SauceDemo.TestClassess.TC02verifySingleProductSelectOrNot" time="5.488" errors="3" timestamp="2023-03-19T00:58:30 GMT-07:00" skipped="3">
  <testcase classname="Com.SauceDemo.TestClassess.TC02verifySingleProductSelectOrNot" name="singleProduct" time="0.000">
    <skipped/>
  </testcase> <!-- singleProduct -->
  <system-out/>
  <testcase classname="Com.SauceDemo.TestClassess.TC02verifySingleProductSelectOrNot" name="openBrowser" time="3.290">
    <error message="session not created: This version of MSEdgeDriver only supports MSEdge version 101
Current browser version is 111.0.1661.44 with binary path C:\Program Files (x86)\Microsoft\Edge\Application\msedge.exe
Build info: version: &#039;3.141.59&#039;, revision: &#039;e82be7d358&#039;, time: &#039;2018-11-14T08:17:03&#039;
System info: host: &#039;DESKTOP-T10D62F&#039;, ip: &#039;192.168.43.191&#039;, os.name: &#039;Windows 10&#039;, os.arch: &#039;amd64&#039;, os.version: &#039;10.0&#039;, java.version: &#039;17.0.6&#039;
Driver info: driver.version: EdgeDriver
remote stacktrace: Backtrace:
	Microsoft::Applications::Events::EventProperties::unpack [0x00007FF66D12CC42+24658]
	Microsoft::Applications::Events::time_ticks_t::time_ticks_t [0x00007FF66D06D332+539986]
	Ordinal0 [0x00007FF66CB70F05+659205]
	Ordinal0 [0x00007FF66CB9BD6F+834927]
	Ordinal0 [0x00007FF66CB97214+815636]
	Ordinal0 [0x00007FF66CB92F3B+798523]
	Ordinal0 [0x00007FF66CBCCD9D+1035677]
	Ordinal0 [0x00007FF66CBC74B3+1012915]
	Ordinal0 [0x00007FF66CB9E440+844864]
	Ordinal0 [0x00007FF66CB9F848+849992]
	Microsoft::Applications::Events::EventProperty::EventProperty [0x00007FF66CE317F8+120584]
	Microsoft::Applications::Events::EventProperty::EventProperty [0x00007FF66CE1CE3E+36174]
	Microsoft::Applications::Events::EventProperty::EventProperty [0x00007FF66CE2003C+48972]
	Microsoft::Applications::Events::EventProperty::to_string [0x00007FF66CC70716+30806]
	Microsoft::Applications::Events::time_ticks_t::time_ticks_t [0x00007FF66D074601+569377]
	Microsoft::Applications::Events::time_ticks_t::time_ticks_t [0x00007FF66D079034+588372]
	Microsoft::Applications::Events::time_ticks_t::time_ticks_t [0x00007FF66D07918D+588717]
	Microsoft::Applications::Events::time_ticks_t::time_ticks_t [0x00007FF66D08291E+627518]
	BaseThreadInitThunk [0x00007FFA49D67034+20]
	RtlUserThreadStart [0x00007FFA4B082651+33]
" type="org.openqa.selenium.SessionNotCreatedException">
      <![CDATA[org.openqa.selenium.SessionNotCreatedException: session not created: This version of MSEdgeDriver only supports MSEdge version 101
Current browser version is 111.0.1661.44 with binary path C:\Program Files (x86)\Microsoft\Edge\Application\msedge.exe
Build info: version: '3.141.59', revision: 'e82be7d358', time: '2018-11-14T08:17:03'
System info: host: 'DESKTOP-T10D62F', ip: '192.168.43.191', os.name: 'Windows 10', os.arch: 'amd64', os.version: '10.0', java.version: '17.0.6'
Driver info: driver.version: EdgeDriver
remote stacktrace: Backtrace:
Microsoft::Applications::Events::EventProperties::unpack [0x00007FF66D12CC42+24658]
Microsoft::Applications::Events::time_ticks_t::time_ticks_t [0x00007FF66D06D332+539986]
Ordinal0 [0x00007FF66CB70F05+659205]
Ordinal0 [0x00007FF66CB9BD6F+834927]
Ordinal0 [0x00007FF66CB97214+815636]
Ordinal0 [0x00007FF66CB92F3B+798523]
Ordinal0 [0x00007FF66CBCCD9D+1035677]
Ordinal0 [0x00007FF66CBC74B3+1012915]
Ordinal0 [0x00007FF66CB9E440+844864]
Ordinal0 [0x00007FF66CB9F848+849992]
Microsoft::Applications::Events::EventProperty::EventProperty [0x00007FF66CE317F8+120584]
Microsoft::Applications::Events::EventProperty::EventProperty [0x00007FF66CE1CE3E+36174]
Microsoft::Applications::Events::EventProperty::EventProperty [0x00007FF66CE2003C+48972]
Microsoft::Applications::Events::EventProperty::to_string [0x00007FF66CC70716+30806]
Microsoft::Applications::Events::time_ticks_t::time_ticks_t [0x00007FF66D074601+569377]
Microsoft::Applications::Events::time_ticks_t::time_ticks_t [0x00007FF66D079034+588372]
Microsoft::Applications::Events::time_ticks_t::time_ticks_t [0x00007FF66D07918D+588717]
Microsoft::Applications::Events::time_ticks_t::time_ticks_t [0x00007FF66D08291E+627518]
BaseThreadInitThunk [0x00007FFA49D67034+20]
RtlUserThreadStart [0x00007FFA4B082651+33]

at java.base/jdk.internal.reflect.NativeConstructorAccessorImpl.newInstance0(Native Method)
at java.base/jdk.internal.reflect.NativeConstructorAccessorImpl.newInstance(NativeConstructorAccessorImpl.java:77)
at java.base/jdk.internal.reflect.DelegatingConstructorAccessorImpl.newInstance(DelegatingConstructorAccessorImpl.java:45)
at java.base/java.lang.reflect.Constructor.newInstanceWithCaller(Constructor.java:499)
at java.base/java.lang.reflect.Constructor.newInstance(Constructor.java:480)
at org.openqa.selenium.remote.W3CHandshakeResponse.lambda$errorHandler$0(W3CHandshakeResponse.java:62)
at org.openqa.selenium.remote.HandshakeResponse.lambda$getResponseFunction$0(HandshakeResponse.java:30)
at org.openqa.selenium.remote.ProtocolHandshake.lambda$createSession$0(ProtocolHandshake.java:126)
at java.base/java.util.stream.ReferencePipeline$3$1.accept(ReferencePipeline.java:197)
at java.base/java.util.Spliterators$ArraySpliterator.tryAdvance(Spliterators.java:1002)
at java.base/java.util.stream.ReferencePipeline.forEachWithCancel(ReferencePipeline.java:129)
at java.base/java.util.stream.AbstractPipeline.copyIntoWithCancel(AbstractPipeline.java:527)
at java.base/java.util.stream.AbstractPipeline.copyInto(AbstractPipeline.java:513)
at java.base/java.util.stream.AbstractPipeline.wrapAndCopyInto(AbstractPipeline.java:499)
at java.base/java.util.stream.FindOps$FindOp.evaluateSequential(FindOps.java:150)
at java.base/java.util.stream.AbstractPipeline.evaluate(AbstractPipeline.java:234)
at java.base/java.util.stream.ReferencePipeline.findFirst(ReferencePipeline.java:647)
at org.openqa.selenium.remote.ProtocolHandshake.createSession(ProtocolHandshake.java:128)
at org.openqa.selenium.remote.ProtocolHandshake.createSession(ProtocolHandshake.java:74)
at org.openqa.selenium.remote.HttpCommandExecutor.execute(HttpCommandExecutor.java:136)
at org.openqa.selenium.remote.service.DriverCommandExecutor.execute(DriverCommandExecutor.java:83)
at org.openqa.selenium.remote.RemoteWebDriver.execute(RemoteWebDriver.java:552)
at org.openqa.selenium.remote.RemoteWebDriver.startSession(RemoteWebDriver.java:213)
at org.openqa.selenium.remote.RemoteWebDriver.<init>(RemoteWebDriver.java:131)
at org.openqa.selenium.edge.EdgeDriver.<init>(EdgeDriver.java:141)
at org.openqa.selenium.edge.EdgeDriver.<init>(EdgeDriver.java:96)
at Com.SauceDemo.TestClassess.TestBaseClass.openBrowser(TestBaseClass.java:51)
at java.base/jdk.internal.reflect.NativeMethodAccessorImpl.invoke0(Native Method)
at java.base/jdk.internal.reflect.NativeMethodAccessorImpl.invoke(NativeMethodAccessorImpl.java:77)
at java.base/jdk.internal.reflect.DelegatingMethodAccessorImpl.invoke(DelegatingMethodAccessorImpl.java:43)
at java.base/java.lang.reflect.Method.invoke(Method.java:568)
at org.testng.internal.MethodInvocationHelper.invokeMethod(MethodInvocationHelper.java:133)
at org.testng.internal.MethodInvocationHelper.invokeMethodConsideringTimeout(MethodInvocationHelper.java:62)
at org.testng.internal.ConfigInvoker.invokeConfigurationMethod(ConfigInvoker.java:385)
at org.testng.internal.ConfigInvoker.invokeConfigurations(ConfigInvoker.java:321)
at org.testng.internal.TestMethodWorker.invokeBeforeClassMethods(TestMethodWorker.java:176)
at org.testng.internal.TestMethodWorker.run(TestMethodWorker.java:122)
at java.base/java.util.concurrent.ThreadPoolExecutor.runWorker(ThreadPoolExecutor.java:1136)
at java.base/java.util.concurrent.ThreadPoolExecutor$Worker.run(ThreadPoolExecutor.java:635)
at java.base/java.lang.Thread.run(Thread.java:833)
]]>
    </error>
  </testcase> <!-- openBrowser -->
  <system-out/>
  <testcase classname="Com.SauceDemo.TestClassess.TC02verifySingleProductSelectOrNot" name="openBrowser" time="2.172">
    <error message="session not created: This version of ChromeDriver only supports Chrome version 100
Current browser version is 111.0.5563.65 with binary path C:\Program Files\Google\Chrome\Application\chrome.exe
Build info: version: &#039;3.141.59&#039;, revision: &#039;e82be7d358&#039;, time: &#039;2018-11-14T08:17:03&#039;
System info: host: &#039;DESKTOP-T10D62F&#039;, ip: &#039;192.168.43.191&#039;, os.name: &#039;Windows 10&#039;, os.arch: &#039;amd64&#039;, os.version: &#039;10.0&#039;, java.version: &#039;17.0.6&#039;
Driver info: driver.version: ChromeDriver
remote stacktrace: Backtrace:
	Ordinal0 [0x009F7413+2389011]
	Ordinal0 [0x00989F61+1941345]
	Ordinal0 [0x0087C658+837208]
	Ordinal0 [0x0089C773+968563]
	Ordinal0 [0x0089837A+951162]
	Ordinal0 [0x00895C51+941137]
	Ordinal0 [0x008C8C80+1150080]
	Ordinal0 [0x008C88DA+1149146]
	Ordinal0 [0x008C3F66+1130342]
	Ordinal0 [0x0089E546+976198]
	Ordinal0 [0x0089F456+980054]
	GetHandleVerifier [0x00BA9632+1727522]
	GetHandleVerifier [0x00C5BA4D+2457661]
	GetHandleVerifier [0x00A8EB81+569713]
	GetHandleVerifier [0x00A8DD76+566118]
	Ordinal0 [0x00990B2B+1968939]
	Ordinal0 [0x00995988+1989000]
	Ordinal0 [0x00995A75+1989237]
	Ordinal0 [0x0099ECB1+2026673]
	BaseThreadInitThunk [0x7728FA29+25]
	RtlGetAppContainerNamedObjectPath [0x776D7A9E+286]
	RtlGetAppContainerNamedObjectPath [0x776D7A6E+238]
" type="org.openqa.selenium.SessionNotCreatedException">
      <![CDATA[org.openqa.selenium.SessionNotCreatedException: session not created: This version of ChromeDriver only supports Chrome version 100
Current browser version is 111.0.5563.65 with binary path C:\Program Files\Google\Chrome\Application\chrome.exe
Build info: version: '3.141.59', revision: 'e82be7d358', time: '2018-11-14T08:17:03'
System info: host: 'DESKTOP-T10D62F', ip: '192.168.43.191', os.name: 'Windows 10', os.arch: 'amd64', os.version: '10.0', java.version: '17.0.6'
Driver info: driver.version: ChromeDriver
remote stacktrace: Backtrace:
Ordinal0 [0x009F7413+2389011]
Ordinal0 [0x00989F61+1941345]
Ordinal0 [0x0087C658+837208]
Ordinal0 [0x0089C773+968563]
Ordinal0 [0x0089837A+951162]
Ordinal0 [0x00895C51+941137]
Ordinal0 [0x008C8C80+1150080]
Ordinal0 [0x008C88DA+1149146]
Ordinal0 [0x008C3F66+1130342]
Ordinal0 [0x0089E546+976198]
Ordinal0 [0x0089F456+980054]
GetHandleVerifier [0x00BA9632+1727522]
GetHandleVerifier [0x00C5BA4D+2457661]
GetHandleVerifier [0x00A8EB81+569713]
GetHandleVerifier [0x00A8DD76+566118]
Ordinal0 [0x00990B2B+1968939]
Ordinal0 [0x00995988+1989000]
Ordinal0 [0x00995A75+1989237]
Ordinal0 [0x0099ECB1+2026673]
BaseThreadInitThunk [0x7728FA29+25]
RtlGetAppContainerNamedObjectPath [0x776D7A9E+286]
RtlGetAppContainerNamedObjectPath [0x776D7A6E+238]

at java.base/jdk.internal.reflect.NativeConstructorAccessorImpl.newInstance0(Native Method)
at java.base/jdk.internal.reflect.NativeConstructorAccessorImpl.newInstance(NativeConstructorAccessorImpl.java:77)
at java.base/jdk.internal.reflect.DelegatingConstructorAccessorImpl.newInstance(DelegatingConstructorAccessorImpl.java:45)
at java.base/java.lang.reflect.Constructor.newInstanceWithCaller(Constructor.java:499)
at java.base/java.lang.reflect.Constructor.newInstance(Constructor.java:480)
at org.openqa.selenium.remote.W3CHandshakeResponse.lambda$errorHandler$0(W3CHandshakeResponse.java:62)
at org.openqa.selenium.remote.HandshakeResponse.lambda$getResponseFunction$0(HandshakeResponse.java:30)
at org.openqa.selenium.remote.ProtocolHandshake.lambda$createSession$0(ProtocolHandshake.java:126)
at java.base/java.util.stream.ReferencePipeline$3$1.accept(ReferencePipeline.java:197)
at java.base/java.util.Spliterators$ArraySpliterator.tryAdvance(Spliterators.java:1002)
at java.base/java.util.stream.ReferencePipeline.forEachWithCancel(ReferencePipeline.java:129)
at java.base/java.util.stream.AbstractPipeline.copyIntoWithCancel(AbstractPipeline.java:527)
at java.base/java.util.stream.AbstractPipeline.copyInto(AbstractPipeline.java:513)
at java.base/java.util.stream.AbstractPipeline.wrapAndCopyInto(AbstractPipeline.java:499)
at java.base/java.util.stream.FindOps$FindOp.evaluateSequential(FindOps.java:150)
at java.base/java.util.stream.AbstractPipeline.evaluate(AbstractPipeline.java:234)
at java.base/java.util.stream.ReferencePipeline.findFirst(ReferencePipeline.java:647)
at org.openqa.selenium.remote.ProtocolHandshake.createSession(ProtocolHandshake.java:128)
at org.openqa.selenium.remote.ProtocolHandshake.createSession(ProtocolHandshake.java:74)
at org.openqa.selenium.remote.HttpCommandExecutor.execute(HttpCommandExecutor.java:136)
at org.openqa.selenium.remote.service.DriverCommandExecutor.execute(DriverCommandExecutor.java:83)
at org.openqa.selenium.remote.RemoteWebDriver.execute(RemoteWebDriver.java:552)
at org.openqa.selenium.remote.RemoteWebDriver.startSession(RemoteWebDriver.java:213)
at org.openqa.selenium.remote.RemoteWebDriver.<init>(RemoteWebDriver.java:131)
at org.openqa.selenium.chrome.ChromeDriver.<init>(ChromeDriver.java:181)
at org.openqa.selenium.chrome.ChromeDriver.<init>(ChromeDriver.java:168)
at org.openqa.selenium.chrome.ChromeDriver.<init>(ChromeDriver.java:123)
at Com.SauceDemo.TestClassess.TestBaseClass.openBrowser(TestBaseClass.java:40)
at java.base/jdk.internal.reflect.NativeMethodAccessorImpl.invoke0(Native Method)
at java.base/jdk.internal.reflect.NativeMethodAccessorImpl.invoke(NativeMethodAccessorImpl.java:77)
at java.base/jdk.internal.reflect.DelegatingMethodAccessorImpl.invoke(DelegatingMethodAccessorImpl.java:43)
at java.base/java.lang.reflect.Method.invoke(Method.java:568)
at org.testng.internal.MethodInvocationHelper.invokeMethod(MethodInvocationHelper.java:133)
at org.testng.internal.MethodInvocationHelper.invokeMethodConsideringTimeout(MethodInvocationHelper.java:62)
at org.testng.internal.ConfigInvoker.invokeConfigurationMethod(ConfigInvoker.java:385)
at org.testng.internal.ConfigInvoker.invokeConfigurations(ConfigInvoker.java:321)
at org.testng.internal.TestMethodWorker.invokeBeforeClassMethods(TestMethodWorker.java:176)
at org.testng.internal.TestMethodWorker.run(TestMethodWorker.java:122)
at java.base/java.util.concurrent.ThreadPoolExecutor.runWorker(ThreadPoolExecutor.java:1136)
at java.base/java.util.concurrent.ThreadPoolExecutor$Worker.run(ThreadPoolExecutor.java:635)
at java.base/java.lang.Thread.run(Thread.java:833)
]]>
    </error>
  </testcase> <!-- openBrowser -->
  <system-out/>
  <testcase classname="Com.SauceDemo.TestClassess.TC02verifySingleProductSelectOrNot" name="openBrowser" time="0.026">
    <error message="Cannot find firefox binary in PATH. Make sure firefox is installed. OS appears to be: WIN10
Build info: version: &#039;3.141.59&#039;, revision: &#039;e82be7d358&#039;, time: &#039;2018-11-14T08:17:03&#039;
System info: host: &#039;DESKTOP-T10D62F&#039;, ip: &#039;192.168.43.191&#039;, os.name: &#039;Windows 10&#039;, os.arch: &#039;amd64&#039;, os.version: &#039;10.0&#039;, java.version: &#039;17.0.6&#039;
Driver info: driver.version: FirefoxDriver" type="org.openqa.selenium.WebDriverException">
      <![CDATA[org.openqa.selenium.WebDriverException: Cannot find firefox binary in PATH. Make sure firefox is installed. OS appears to be: WIN10
Build info: version: '3.141.59', revision: 'e82be7d358', time: '2018-11-14T08:17:03'
System info: host: 'DESKTOP-T10D62F', ip: '192.168.43.191', os.name: 'Windows 10', os.arch: 'amd64', os.version: '10.0', java.version: '17.0.6'
Driver info: driver.version: FirefoxDriver
at org.openqa.selenium.firefox.FirefoxBinary.<init>(FirefoxBinary.java:100)
at java.base/java.util.Optional.orElseGet(Optional.java:364)
at org.openqa.selenium.firefox.FirefoxOptions.getBinary(FirefoxOptions.java:216)
at org.openqa.selenium.firefox.FirefoxDriver.toExecutor(FirefoxDriver.java:187)
at org.openqa.selenium.firefox.FirefoxDriver.<init>(FirefoxDriver.java:147)
at org.openqa.selenium.firefox.FirefoxDriver.<init>(FirefoxDriver.java:125)
at Com.SauceDemo.TestClassess.TestBaseClass.openBrowser(TestBaseClass.java:46)
at java.base/jdk.internal.reflect.NativeMethodAccessorImpl.invoke0(Native Method)
at java.base/jdk.internal.reflect.NativeMethodAccessorImpl.invoke(NativeMethodAccessorImpl.java:77)
at java.base/jdk.internal.reflect.DelegatingMethodAccessorImpl.invoke(DelegatingMethodAccessorImpl.java:43)
at java.base/java.lang.reflect.Method.invoke(Method.java:568)
at org.testng.internal.MethodInvocationHelper.invokeMethod(MethodInvocationHelper.java:133)
at org.testng.internal.MethodInvocationHelper.invokeMethodConsideringTimeout(MethodInvocationHelper.java:62)
at org.testng.internal.ConfigInvoker.invokeConfigurationMethod(ConfigInvoker.java:385)
at org.testng.internal.ConfigInvoker.invokeConfigurations(ConfigInvoker.java:321)
at org.testng.internal.TestMethodWorker.invokeBeforeClassMethods(TestMethodWorker.java:176)
at org.testng.internal.TestMethodWorker.run(TestMethodWorker.java:122)
at java.base/java.util.concurrent.ThreadPoolExecutor.runWorker(ThreadPoolExecutor.java:1136)
at java.base/java.util.concurrent.ThreadPoolExecutor$Worker.run(ThreadPoolExecutor.java:635)
at java.base/java.lang.Thread.run(Thread.java:833)
]]>
    </error>
  </testcase> <!-- openBrowser -->
  <system-out/>
  <testcase classname="Com.SauceDemo.TestClassess.TC02verifySingleProductSelectOrNot" name="singleProduct" time="0.000">
    <skipped/>
  </testcase> <!-- singleProduct -->
  <system-out/>
  <testcase classname="Com.SauceDemo.TestClassess.TC02verifySingleProductSelectOrNot" name="singleProduct" time="0.000">
    <skipped/>
  </testcase> <!-- singleProduct -->
  <system-out/>
</testsuite> <!-- Com.SauceDemo.TestClassess.TC02verifySingleProductSelectOrNot -->
